<?xml version="1.0" encoding="UTF-8"?>
<!-- Generated by org.testng.reporters.JUnitReportReporter -->
<testsuite skipped="0" hostname="aa-PC" name="selenium.frame" tests="1" failures="0" timestamp="21 Jul 2019 19:30:41 GMT" time="23.521" errors="0">
  <testcase name="f" time="23.521" classname="selenium.frame"/>
</testsuite> <!-- selenium.frame -->
