<?xml version="1.0" encoding="UTF-8"?>
<!-- Generated by org.testng.reporters.JUnitReportReporter -->
<testsuite skipped="0" hostname="aa-PC" name="selenium.dropdownHandling" tests="1" failures="0" timestamp="22 Jul 2019 17:05:11 GMT" time="34.759" errors="0">
  <testcase name="f" time="34.759" classname="selenium.dropdownHandling"/>
</testsuite> <!-- selenium.dropdownHandling -->
