<?xml version="1.0" encoding="UTF-8"?>
<!-- Generated by org.testng.reporters.JUnitReportReporter -->
<testsuite skipped="0" hostname="aa-PC" name="selenium.Title" tests="1" failures="0" timestamp="20 Jul 2019 10:39:51 GMT" time="11.785" errors="0">
  <testcase name="f" time="11.785" classname="selenium.Title"/>
</testsuite> <!-- selenium.Title -->
