<?xml version="1.0" encoding="UTF-8"?>
<!-- Generated by org.testng.reporters.JUnitReportReporter -->
<testsuite skipped="0" hostname="aa-PC" name="selenium.chromeOptions" tests="1" failures="0" timestamp="20 Jul 2019 13:01:06 GMT" time="14.275" errors="0">
  <testcase name="f" time="14.275" classname="selenium.chromeOptions"/>
</testsuite> <!-- selenium.chromeOptions -->
