<?xml version="1.0" encoding="UTF-8"?>
<!-- Generated by org.testng.reporters.JUnitReportReporter -->
<testsuite skipped="0" hostname="aa-PC" name="selenium.xpath" tests="1" failures="0" timestamp="21 Jul 2019 18:50:26 GMT" time="22.284" errors="0">
  <testcase name="f" time="22.284" classname="selenium.xpath"/>
</testsuite> <!-- selenium.xpath -->
