<?xml version="1.0" encoding="UTF-8"?>
<!-- Generated by org.testng.reporters.JUnitReportReporter -->
<testsuite skipped="0" hostname="aa-PC" name="selenium.alert" tests="1" failures="0" timestamp="20 Jul 2019 17:21:26 GMT" time="14.333" errors="0">
  <testcase name="f" time="14.333" classname="selenium.alert"/>
</testsuite> <!-- selenium.alert -->
