<?xml version="1.0" encoding="UTF-8"?>
<!-- Generated by org.testng.reporters.JUnitReportReporter -->
<testsuite skipped="0" hostname="aa-PC" name="selenium.mouseAndKeyboard" tests="1" failures="0" timestamp="20 Jul 2019 19:07:41 GMT" time="46.776" errors="0">
  <testcase name="f" time="46.776" classname="selenium.mouseAndKeyboard"/>
</testsuite> <!-- selenium.mouseAndKeyboard -->
