<?xml version="1.0" encoding="UTF-8"?>
<!-- Generated by org.testng.reporters.JUnitReportReporter -->
<testsuite skipped="0" hostname="aa-PC" name="selenium.windowHandling" tests="1" failures="0" timestamp="21 Jul 2019 16:56:26 GMT" time="20.907" errors="0">
  <testcase name="f" time="20.907" classname="selenium.windowHandling"/>
</testsuite> <!-- selenium.windowHandling -->
