<?xml version="1.0" encoding="UTF-8"?>
<!-- Generated by org.testng.reporters.JUnitReportReporter -->
<testsuite skipped="0" hostname="aa-PC" name="selenium.javaScriptExecutor" tests="1" failures="0" timestamp="22 Jul 2019 18:25:48 GMT" time="52.566" errors="0">
  <testcase name="f" time="52.566" classname="selenium.javaScriptExecutor"/>
</testsuite> <!-- selenium.javaScriptExecutor -->
